Release 14.6 - xst P.68d (nt64)
Copyright (c) 1995-2013 Xilinx, Inc.  All rights reserved.
--> Parameter TMPDIR set to xst/projnav.tmp


Total REAL time to Xst completion: 1.00 secs
Total CPU time to Xst completion: 0.11 secs
 
--> Parameter xsthdpdir set to xst


Total REAL time to Xst completion: 1.00 secs
Total CPU time to Xst completion: 0.11 secs
 
--> Reading design: clockdiv.prj

TABLE OF CONTENTS
  1) Synthesis Options Summary
  2) HDL Parsing
  3) HDL Elaboration
  4) HDL Synthesis
       4.1) HDL Synthesis Report
  5) Advanced HDL Synthesis
       5.1) Advanced HDL Synthesis Report
  6) Low Level Synthesis
  7) Partition Report
  8) Design Summary
       8.1) Primitive and Black Box Usage
       8.2) Device utilization summary
       8.3) Partition Resource Summary
       8.4) Timing Report
            8.4.1) Clock Information
            8.4.2) Asynchronous Control Signals Information
            8.4.3) Timing Summary
            8.4.4) Timing Details
            8.4.5) Cross Clock Domains Report


=========================================================================
*                      Synthesis Options Summary                        *
=========================================================================
---- Source Parameters
Input File Name                    : "clockdiv.prj"
Ignore Synthesis Constraint File   : NO

---- Target Parameters
Output File Name                   : "clockdiv"
Output Format                      : NGC
Target Device                      : xc6slx16-3-csg324

---- Source Options
Top Module Name                    : clockdiv
Automatic FSM Extraction           : YES
FSM Encoding Algorithm             : Auto
Safe Implementation                : No
FSM Style                          : LUT
RAM Extraction                     : Yes
RAM Style                          : Auto
ROM Extraction                     : Yes
Shift Register Extraction          : YES
ROM Style                          : Auto
Resource Sharing                   : YES
Asynchronous To Synchronous        : NO
Shift Register Minimum Size        : 2
Use DSP Block                      : Auto
Automatic Register Balancing       : No

---- Target Options
LUT Combining                      : Auto
Reduce Control Sets                : Auto
Add IO Buffers                     : YES
Global Maximum Fanout              : 100000
Add Generic Clock Buffer(BUFG)     : 16
Register Duplication               : YES
Optimize Instantiated Primitives   : NO
Use Clock Enable                   : Auto
Use Synchronous Set                : Auto
Use Synchronous Reset              : Auto
Pack IO Registers into IOBs        : Auto
Equivalent register Removal        : YES

---- General Options
Optimization Goal                  : Speed
Optimization Effort                : 1
Power Reduction                    : NO
Keep Hierarchy                     : No
Netlist Hierarchy                  : As_Optimized
RTL Output                         : Yes
Global Optimization                : AllClockNets
Read Cores                         : YES
Write Timing Constraints           : NO
Cross Clock Analysis               : NO
Hierarchy Separator                : /
Bus Delimiter                      : <>
Case Specifier                     : Maintain
Slice Utilization Ratio            : 100
BRAM Utilization Ratio             : 100
DSP48 Utilization Ratio            : 100
Auto BRAM Packing                  : NO
Slice Utilization Ratio Delta      : 5

=========================================================================


=========================================================================
*                          HDL Parsing                                  *
=========================================================================
Analyzing Verilog file "C:\Users\152\Documents\Downloads\proj-4-combo\proj-4-combo\NERP_demo\clockdiv.v" into library work
Parsing module <clockdiv>.

=========================================================================
*                            HDL Elaboration                            *
=========================================================================

Elaborating module <clockdiv>.
WARNING:HDLCompiler:413 - "C:\Users\152\Documents\Downloads\proj-4-combo\proj-4-combo\NERP_demo\clockdiv.v" Line 44: Result of 28-bit expression is truncated to fit in 27-bit target.

=========================================================================
*                           HDL Synthesis                               *
=========================================================================

Synthesizing Unit <clockdiv>.
    Related source file is "C:\Users\152\Documents\Downloads\proj-4-combo\proj-4-combo\NERP_demo\clockdiv.v".
    Found 27-bit register for signal <q>.
    Found 27-bit adder for signal <q[26]_GND_1_o_add_1_OUT> created at line 44.
    Summary:
	inferred   1 Adder/Subtractor(s).
	inferred  27 D-type flip-flop(s).
Unit <clockdiv> synthesized.

=========================================================================
HDL Synthesis Report

Macro Statistics
# Adders/Subtractors                                   : 1
 27-bit adder                                          : 1
# Registers                                            : 1
 27-bit register                                       : 1

=========================================================================

=========================================================================
*                       Advanced HDL Synthesis                          *
=========================================================================


Synthesizing (advanced) Unit <clockdiv>.
The following registers are absorbed into counter <q>: 1 register on signal <q>.
Unit <clockdiv> synthesized (advanced).

=========================================================================
Advanced HDL Synthesis Report

Macro Statistics
# Counters                                             : 1
 27-bit up counter                                     : 1

=========================================================================

=========================================================================
*                         Low Level Synthesis                           *
=========================================================================
WARNING:Xst:2677 - Node <q_26> of sequential type is unconnected in block <clockdiv>.

Optimizing unit <clockdiv> ...

Mapping all equations...
Building and optimizing final netlist ...
Found area constraint ratio of 100 (+ 5) on block clockdiv, actual ratio is 0.

Final Macro Processing ...

=========================================================================
Final Register Report

Macro Statistics
# Registers                                            : 26
 Flip-Flops                                            : 26

=========================================================================

=========================================================================
*                           Partition Report                            *
=========================================================================

Partition Implementation Status
-------------------------------

  No Partitions were found in this design.

-------------------------------

=========================================================================
*                            Design Summary                             *
=========================================================================

Top Level Output File Name         : clockdiv.ngc

Primitive and Black Box Usage:
------------------------------
# BELS                             : 79
#      GND                         : 1
#      INV                         : 1
#      LUT1                        : 25
#      MUXCY                       : 25
#      VCC                         : 1
#      XORCY                       : 26
# FlipFlops/Latches                : 26
#      FDC                         : 26
# Clock Buffers                    : 1
#      BUFGP                       : 1
# IO Buffers                       : 6
#      IBUF                        : 1
#      OBUF                        : 5

Device utilization summary:
---------------------------

Selected Device : 6slx16csg324-3 


Slice Logic Utilization: 
 Number of Slice Registers:              26  out of  18224     0%  
 Number of Slice LUTs:                   26  out of   9112     0%  
    Number used as Logic:                26  out of   9112     0%  

Slice Logic Distribution: 
 Number of LUT Flip Flop pairs used:     26
   Number with an unused Flip Flop:       0  out of     26     0%  
   Number with an unused LUT:             0  out of     26     0%  
   Number of fully used LUT-FF pairs:    26  out of     26   100%  
   Number of unique control sets:         1

IO Utilization: 
 Number of IOs:                           7
 Number of bonded IOBs:                   7  out of    232     3%  

Specific Feature Utilization:
 Number of BUFG/BUFGCTRLs:                1  out of     16     6%  

---------------------------
Partition Resource Summary:
---------------------------

  No Partitions were found in this design.

---------------------------


=========================================================================
Timing Report

NOTE: THESE TIMING NUMBERS ARE ONLY A SYNTHESIS ESTIMATE.
      FOR ACCURATE TIMING INFORMATION PLEASE REFER TO THE TRACE REPORT
      GENERATED AFTER PLACE-and-ROUTE.

Clock Information:
------------------
-----------------------------------+------------------------+-------+
Clock Signal                       | Clock buffer(FF name)  | Load  |
-----------------------------------+------------------------+-------+
clk                                | BUFGP                  | 26    |
-----------------------------------+------------------------+-------+

Asynchronous Control Signals Information:
----------------------------------------
No asynchronous control signals found in this design

Timing Summary:
---------------
Speed Grade: -3

   Minimum period: 2.160ns (Maximum Frequency: 462.909MHz)
   Minimum input arrival time before clock: 2.858ns
   Maximum output required time after clock: 3.634ns
   Maximum combinational path delay: No path found

Timing Details:
---------------
All values displayed in nanoseconds (ns)

=========================================================================
Timing constraint: Default period analysis for Clock 'clk'
  Clock period: 2.160ns (frequency: 462.909MHz)
  Total number of paths / destination ports: 351 / 26
-------------------------------------------------------------------------
Delay:               2.160ns (Levels of Logic = 26)
  Source:            q_1 (FF)
  Destination:       q_25 (FF)
  Source Clock:      clk rising
  Destination Clock: clk rising

  Data Path: q_1 to q_25
                                Gate     Net
    Cell:in->out      fanout   Delay   Delay  Logical Name (Net Name)
    ----------------------------------------  ------------
     FDC:C->Q              2   0.447   0.617  q_1 (q_1)
     LUT1:I0->O            1   0.205   0.000  Mcount_q_cy<1>_rt (Mcount_q_cy<1>_rt)
     MUXCY:S->O            1   0.172   0.000  Mcount_q_cy<1> (Mcount_q_cy<1>)
     MUXCY:CI->O           1   0.019   0.000  Mcount_q_cy<2> (Mcount_q_cy<2>)
     MUXCY:CI->O           1   0.019   0.000  Mcount_q_cy<3> (Mcount_q_cy<3>)
     MUXCY:CI->O           1   0.019   0.000  Mcount_q_cy<4> (Mcount_q_cy<4>)
     MUXCY:CI->O           1   0.019   0.000  Mcount_q_cy<5> (Mcount_q_cy<5>)
     MUXCY:CI->O           1   0.019   0.000  Mcount_q_cy<6> (Mcount_q_cy<6>)
     MUXCY:CI->O           1   0.019   0.000  Mcount_q_cy<7> (Mcount_q_cy<7>)
     MUXCY:CI->O           1   0.019   0.000  Mcount_q_cy<8> (Mcount_q_cy<8>)
     MUXCY:CI->O           1   0.019   0.000  Mcount_q_cy<9> (Mcount_q_cy<9>)
     MUXCY:CI->O           1   0.019   0.000  Mcount_q_cy<10> (Mcount_q_cy<10>)
     MUXCY:CI->O           1   0.019   0.000  Mcount_q_cy<11> (Mcount_q_cy<11>)
     MUXCY:CI->O           1   0.019   0.000  Mcount_q_cy<12> (Mcount_q_cy<12>)
     MUXCY:CI->O           1   0.019   0.000  Mcount_q_cy<13> (Mcount_q_cy<13>)
     MUXCY:CI->O           1   0.019   0.000  Mcount_q_cy<14> (Mcount_q_cy<14>)
     MUXCY:CI->O           1   0.019   0.000  Mcount_q_cy<15> (Mcount_q_cy<15>)
     MUXCY:CI->O           1   0.019   0.000  Mcount_q_cy<16> (Mcount_q_cy<16>)
     MUXCY:CI->O           1   0.019   0.000  Mcount_q_cy<17> (Mcount_q_cy<17>)
     MUXCY:CI->O           1   0.019   0.000  Mcount_q_cy<18> (Mcount_q_cy<18>)
     MUXCY:CI->O           1   0.019   0.000  Mcount_q_cy<19> (Mcount_q_cy<19>)
     MUXCY:CI->O           1   0.019   0.000  Mcount_q_cy<20> (Mcount_q_cy<20>)
     MUXCY:CI->O           1   0.019   0.000  Mcount_q_cy<21> (Mcount_q_cy<21>)
     MUXCY:CI->O           1   0.019   0.000  Mcount_q_cy<22> (Mcount_q_cy<22>)
     MUXCY:CI->O           1   0.019   0.000  Mcount_q_cy<23> (Mcount_q_cy<23>)
     MUXCY:CI->O           0   0.019   0.000  Mcount_q_cy<24> (Mcount_q_cy<24>)
     XORCY:CI->O           1   0.180   0.000  Mcount_q_xor<25> (Result<25>)
     FDC:D                     0.102          q_25
    ----------------------------------------
    Total                      2.160ns (1.543ns logic, 0.617ns route)
                                       (71.4% logic, 28.6% route)

=========================================================================
Timing constraint: Default OFFSET IN BEFORE for Clock 'clk'
  Total number of paths / destination ports: 26 / 26
-------------------------------------------------------------------------
Offset:              2.858ns (Levels of Logic = 1)
  Source:            clr (PAD)
  Destination:       q_0 (FF)
  Destination Clock: clk rising

  Data Path: clr to q_0
                                Gate     Net
    Cell:in->out      fanout   Delay   Delay  Logical Name (Net Name)
    ----------------------------------------  ------------
     IBUF:I->O            26   1.222   1.206  clr_IBUF (clr_IBUF)
     FDC:CLR                   0.430          q_0
    ----------------------------------------
    Total                      2.858ns (1.652ns logic, 1.206ns route)
                                       (57.8% logic, 42.2% route)

=========================================================================
Timing constraint: Default OFFSET OUT AFTER for Clock 'clk'
  Total number of paths / destination ports: 5 / 5
-------------------------------------------------------------------------
Offset:              3.634ns (Levels of Logic = 1)
  Source:            q_1 (FF)
  Destination:       dclk (PAD)
  Source Clock:      clk rising

  Data Path: q_1 to dclk
                                Gate     Net
    Cell:in->out      fanout   Delay   Delay  Logical Name (Net Name)
    ----------------------------------------  ------------
     FDC:C->Q              2   0.447   0.616  q_1 (q_1)
     OBUF:I->O                 2.571          dclk_OBUF (dclk)
    ----------------------------------------
    Total                      3.634ns (3.018ns logic, 0.616ns route)
                                       (83.0% logic, 17.0% route)

=========================================================================

Cross Clock Domains Report:
--------------------------

Clock to Setup on destination clock clk
---------------+---------+---------+---------+---------+
               | Src:Rise| Src:Fall| Src:Rise| Src:Fall|
Source Clock   |Dest:Rise|Dest:Rise|Dest:Fall|Dest:Fall|
---------------+---------+---------+---------+---------+
clk            |    2.160|         |         |         |
---------------+---------+---------+---------+---------+

=========================================================================


Total REAL time to Xst completion: 7.00 secs
Total CPU time to Xst completion: 6.13 secs
 
--> 

Total memory usage is 255804 kilobytes

Number of errors   :    0 (   0 filtered)
Number of warnings :    2 (   0 filtered)
Number of infos    :    0 (   0 filtered)

